Base path: C:/Program Files/Unity/Editor/Data
Pipe name: \\.\pipe\UnityShaderCompiler-64bit-1-6356
Cmd: getPlatforms
Cmd: preprocess
  insize=1593 outsize=461 ok=1
Cmd: compileSnippet
  api=4 type=0 insize=944 outsize=1453 kw= pd= ok=1
Cmd: compileSnippet
  api=4 type=1 insize=944 outsize=616 kw= pd= ok=1
Cmd: preprocess
  insize=1582 outsize=462 ok=1
Cmd: compileSnippet
  api=4 type=0 insize=933 outsize=1453 kw= pd= ok=1
Cmd: compileSnippet
  api=4 type=1 insize=933 outsize=640 kw= pd= ok=1
Cmd: preprocess
  insize=1593 outsize=461 ok=1
Cmd: preprocess
  insize=1580 outsize=462 ok=1
Cmd: compileSnippet
  api=4 type=0 insize=931 outsize=1453 kw= pd= ok=1
Cmd: compileSnippet
  api=4 type=1 insize=931 outsize=681 kw= pd= ok=1
Cmd: compileCompute
  error: 1 plat 4 at InitBoundaries.compute(13): signed/unsigned mismatch, unsigned assumed
  error: 1 plat 4 at InitBoundaries.compute(17): signed/unsigned mismatch, unsigned assumed
  error: 1 plat 4 at InitBoundaries.compute(21): signed/unsigned mismatch, unsigned assumed
  error: 1 plat 4 at InitBoundaries.compute(23): signed/unsigned mismatch, unsigned assumed
  api=4 insize=727 outsize=1433 ok=1
Cmd: compileCompute
  error: 1 plat 4 at InitBoundaries.compute(13): signed/unsigned mismatch, unsigned assumed
  error: 1 plat 4 at InitBoundaries.compute(17): signed/unsigned mismatch, unsigned assumed
  error: 1 plat 4 at InitBoundaries.compute(21): signed/unsigned mismatch, unsigned assumed
  error: 1 plat 4 at InitBoundaries.compute(23): signed/unsigned mismatch, unsigned assumed
  api=4 insize=727 outsize=1433 ok=1
Cmd: compileCompute
  error: 1 plat 4 at InitBoundaries.compute(13): signed/unsigned mismatch, unsigned assumed
  error: 1 plat 4 at InitBoundaries.compute(17): signed/unsigned mismatch, unsigned assumed
  error: 1 plat 4 at InitBoundaries.compute(21): signed/unsigned mismatch, unsigned assumed
  error: 1 plat 4 at InitBoundaries.compute(23): signed/unsigned mismatch, unsigned assumed
  api=15 insize=727 outsize=3373 ok=1
Cmd: compileCompute
  error: 1 plat 4 at InitBoundaries.compute(13): signed/unsigned mismatch, unsigned assumed
  error: 1 plat 4 at InitBoundaries.compute(17): signed/unsigned mismatch, unsigned assumed
  error: 1 plat 4 at InitBoundaries.compute(21): signed/unsigned mismatch, unsigned assumed
  error: 1 plat 4 at InitBoundaries.compute(23): signed/unsigned mismatch, unsigned assumed
  api=9 insize=727 outsize=3397 ok=1
Cmd: compileCompute
  error: 1 plat 4 at InitBoundaries.compute(14): signed/unsigned mismatch, unsigned assumed
  error: 1 plat 4 at InitBoundaries.compute(20): signed/unsigned mismatch, unsigned assumed
  error: 1 plat 4 at InitBoundaries.compute(26): signed/unsigned mismatch, unsigned assumed
  error: 1 plat 4 at InitBoundaries.compute(29): signed/unsigned mismatch, unsigned assumed
  api=4 insize=754 outsize=1145 ok=1
Cmd: compileCompute
  error: 1 plat 4 at InitBoundaries.compute(14): signed/unsigned mismatch, unsigned assumed
  error: 1 plat 4 at InitBoundaries.compute(20): signed/unsigned mismatch, unsigned assumed
  error: 1 plat 4 at InitBoundaries.compute(26): signed/unsigned mismatch, unsigned assumed
  error: 1 plat 4 at InitBoundaries.compute(29): signed/unsigned mismatch, unsigned assumed
  api=4 insize=754 outsize=1145 ok=1
Cmd: compileCompute
  error: 1 plat 4 at InitBoundaries.compute(14): signed/unsigned mismatch, unsigned assumed
  error: 1 plat 4 at InitBoundaries.compute(20): signed/unsigned mismatch, unsigned assumed
  error: 1 plat 4 at InitBoundaries.compute(26): signed/unsigned mismatch, unsigned assumed
  error: 1 plat 4 at InitBoundaries.compute(29): signed/unsigned mismatch, unsigned assumed
  api=15 insize=754 outsize=2129 ok=1
Cmd: compileCompute
  error: 1 plat 4 at InitBoundaries.compute(14): signed/unsigned mismatch, unsigned assumed
  error: 1 plat 4 at InitBoundaries.compute(20): signed/unsigned mismatch, unsigned assumed
  error: 1 plat 4 at InitBoundaries.compute(26): signed/unsigned mismatch, unsigned assumed
  error: 1 plat 4 at InitBoundaries.compute(29): signed/unsigned mismatch, unsigned assumed
  api=9 insize=754 outsize=2141 ok=1
